app/build/intermediates/manifest_merge_blame_file/release/processReleaseMainManifest/manifest-merger-blame-release-report.txt
1<?xml version="1.0" encoding="utf-8"?>
2<manifest xmlns:android="http://schemas.android.com/apk/res/android"
3    package="com.example.myrecorder"
4    android:versionCode="4"
5    android:versionName="1.3" >
6
7    <uses-sdk
8        android:minSdkVersion="29"
9        android:targetSdkVersion="34" />
10
11    <uses-permission android:name="android.permission.CAMERA" />
11-->src\main\AndroidManifest.xml:3:3-63
11-->src\main\AndroidManifest.xml:3:20-60
12    <uses-permission android:name="android.permission.RECORD_AUDIO" />
12-->src\main\AndroidManifest.xml:4:3-69
12-->src\main\AndroidManifest.xml:4:20-66
13    <uses-permission android:name="android.permission.POST_NOTIFICATIONS" />
13-->src\main\AndroidManifest.xml:5:3-75
13-->src\main\AndroidManifest.xml:5:20-72
14    <uses-permission android:name="android.permission.FOREGROUND_SERVICE" />
14-->src\main\AndroidManifest.xml:6:3-75
14-->src\main\AndroidManifest.xml:6:20-72
15
16    <permission
16-->[androidx.core:core:1.13.1] AndroidManifest.xml:22:5-24:47
17        android:name="com.example.myrecorder.DYNAMIC_RECEIVER_NOT_EXPORTED_PERMISSION"
17-->[androidx.core:core:1.13.1] AndroidManifest.xml:23:9-81
18        android:protectionLevel="signature" />
18-->[androidx.core:core:1.13.1] AndroidManifest.xml:24:9-44
19
20    <uses-permission android:name="com.example.myrecorder.DYNAMIC_RECEIVER_NOT_EXPORTED_PERMISSION" />
20-->[androidx.core:core:1.13.1] AndroidManifest.xml:26:5-97
20-->[androidx.core:core:1.13.1] AndroidManifest.xml:26:22-94
21
22    <application
22-->src\main\AndroidManifest.xml:8:3-37:17
23        android:allowBackup="true"
23-->src\main\AndroidManifest.xml:9:7-33
24        android:appComponentFactory="androidx.core.app.CoreComponentFactory"
24-->[androidx.core:core:1.13.1] AndroidManifest.xml:28:18-86
25        android:extractNativeLibs="false"
26        android:icon="@mipmap/ic_launcher"
26-->src\main\AndroidManifest.xml:13:7-41
27        android:label="@string/app_name"
27-->src\main\AndroidManifest.xml:10:7-39
28        android:roundIcon="@mipmap/ic_launcher_round"
28-->src\main\AndroidManifest.xml:14:7-52
29        android:supportsRtl="true"
29-->src\main\AndroidManifest.xml:11:7-33
30        android:theme="@style/Theme.RECORA" >
30-->src\main\AndroidManifest.xml:12:7-42
31        <activity
31-->src\main\AndroidManifest.xml:16:5-23:16
32            android:name="com.example.myrecorder.MainActivity"
32-->src\main\AndroidManifest.xml:17:9-37
33            android:exported="true" >
33-->src\main\AndroidManifest.xml:18:9-32
34            <intent-filter>
34-->src\main\AndroidManifest.xml:19:7-22:23
35                <action android:name="android.intent.action.MAIN" />
35-->src\main\AndroidManifest.xml:20:9-61
35-->src\main\AndroidManifest.xml:20:17-58
36
37                <category android:name="android.intent.category.LAUNCHER" />
37-->src\main\AndroidManifest.xml:21:9-69
37-->src\main\AndroidManifest.xml:21:19-66
38            </intent-filter>
39        </activity>
40
41        <!-- Keeps camera "in use" to satisfy Samsung background policies -->
42        <activity
42-->src\main\AndroidManifest.xml:26:5-31:45
43            android:name="com.example.myrecorder.RecorderActivity"
43-->src\main\AndroidManifest.xml:27:9-41
44            android:configChanges="screenSize|smallestScreenSize|screenLayout|orientation"
44-->src\main\AndroidManifest.xml:30:9-87
45            android:exported="false"
45-->src\main\AndroidManifest.xml:28:9-33
46            android:resizeableActivity="true"
46-->src\main\AndroidManifest.xml:31:9-42
47            android:supportsPictureInPicture="true" />
47-->src\main\AndroidManifest.xml:29:9-48
48
49        <service
49-->src\main\AndroidManifest.xml:33:5-36:61
50            android:name="com.example.myrecorder.RecordingService"
50-->src\main\AndroidManifest.xml:34:9-41
51            android:exported="false"
51-->src\main\AndroidManifest.xml:35:9-33
52            android:foregroundServiceType="camera|microphone" />
52-->src\main\AndroidManifest.xml:36:9-58
53        <service
53-->[androidx.camera:camera-camera2:1.3.4] AndroidManifest.xml:24:9-33:19
54            android:name="androidx.camera.core.impl.MetadataHolderService"
54-->[androidx.camera:camera-camera2:1.3.4] AndroidManifest.xml:25:13-75
55            android:enabled="false"
55-->[androidx.camera:camera-camera2:1.3.4] AndroidManifest.xml:26:13-36
56            android:exported="false" >
56-->[androidx.camera:camera-camera2:1.3.4] AndroidManifest.xml:27:13-37
57            <meta-data
57-->[androidx.camera:camera-camera2:1.3.4] AndroidManifest.xml:30:13-32:89
58                android:name="androidx.camera.core.impl.MetadataHolderService.DEFAULT_CONFIG_PROVIDER"
58-->[androidx.camera:camera-camera2:1.3.4] AndroidManifest.xml:31:17-103
59                android:value="androidx.camera.camera2.Camera2Config$DefaultProvider" />
59-->[androidx.camera:camera-camera2:1.3.4] AndroidManifest.xml:32:17-86
60        </service>
61
62        <provider
62-->[androidx.emoji2:emoji2:1.3.0] AndroidManifest.xml:24:9-32:20
63            android:name="androidx.startup.InitializationProvider"
63-->[androidx.emoji2:emoji2:1.3.0] AndroidManifest.xml:25:13-67
64            android:authorities="com.example.myrecorder.androidx-startup"
64-->[androidx.emoji2:emoji2:1.3.0] AndroidManifest.xml:26:13-68
65            android:exported="false" >
65-->[androidx.emoji2:emoji2:1.3.0] AndroidManifest.xml:27:13-37
66            <meta-data
66-->[androidx.emoji2:emoji2:1.3.0] AndroidManifest.xml:29:13-31:52
67                android:name="androidx.emoji2.text.EmojiCompatInitializer"
67-->[androidx.emoji2:emoji2:1.3.0] AndroidManifest.xml:30:17-75
68                android:value="androidx.startup" />
68-->[androidx.emoji2:emoji2:1.3.0] AndroidManifest.xml:31:17-49
69            <meta-data
69-->[androidx.lifecycle:lifecycle-process:2.8.4] AndroidManifest.xml:29:13-31:52
70                android:name="androidx.lifecycle.ProcessLifecycleInitializer"
70-->[androidx.lifecycle:lifecycle-process:2.8.4] AndroidManifest.xml:30:17-78
71                android:value="androidx.startup" />
71-->[androidx.lifecycle:lifecycle-process:2.8.4] AndroidManifest.xml:31:17-49
72            <meta-data
72-->[androidx.profileinstaller:profileinstaller:1.3.1] AndroidManifest.xml:29:13-31:52
73                android:name="androidx.profileinstaller.ProfileInstallerInitializer"
73-->[androidx.profileinstaller:profileinstaller:1.3.1] AndroidManifest.xml:30:17-85
74                android:value="androidx.startup" />
74-->[androidx.profileinstaller:profileinstaller:1.3.1] AndroidManifest.xml:31:17-49
75        </provider>
76
77        <receiver
77-->[androidx.profileinstaller:profileinstaller:1.3.1] AndroidManifest.xml:34:9-52:20
78            android:name="androidx.profileinstaller.ProfileInstallReceiver"
78-->[androidx.profileinstaller:profileinstaller:1.3.1] AndroidManifest.xml:35:13-76
79            android:directBootAware="false"
79-->[androidx.profileinstaller:profileinstaller:1.3.1] AndroidManifest.xml:36:13-44
80            android:enabled="true"
80-->[androidx.profileinstaller:profileinstaller:1.3.1] AndroidManifest.xml:37:13-35
81            android:exported="true"
81-->[androidx.profileinstaller:profileinstaller:1.3.1] AndroidManifest.xml:38:13-36
82            android:permission="android.permission.DUMP" >
82-->[androidx.profileinstaller:profileinstaller:1.3.1] AndroidManifest.xml:39:13-57
83            <intent-filter>
83-->[androidx.profileinstaller:profileinstaller:1.3.1] AndroidManifest.xml:40:13-42:29
84                <action android:name="androidx.profileinstaller.action.INSTALL_PROFILE" />
84-->[androidx.profileinstaller:profileinstaller:1.3.1] AndroidManifest.xml:41:17-91
84-->[androidx.profileinstaller:profileinstaller:1.3.1] AndroidManifest.xml:41:25-88
85            </intent-filter>
86            <intent-filter>
86-->[androidx.profileinstaller:profileinstaller:1.3.1] AndroidManifest.xml:43:13-45:29
87                <action android:name="androidx.profileinstaller.action.SKIP_FILE" />
87-->[androidx.profileinstaller:profileinstaller:1.3.1] AndroidManifest.xml:44:17-85
87-->[androidx.profileinstaller:profileinstaller:1.3.1] AndroidManifest.xml:44:25-82
88            </intent-filter>
89            <intent-filter>
89-->[androidx.profileinstaller:profileinstaller:1.3.1] AndroidManifest.xml:46:13-48:29
90                <action android:name="androidx.profileinstaller.action.SAVE_PROFILE" />
90-->[androidx.profileinstaller:profileinstaller:1.3.1] AndroidManifest.xml:47:17-88
90-->[androidx.profileinstaller:profileinstaller:1.3.1] AndroidManifest.xml:47:25-85
91            </intent-filter>
92            <intent-filter>
92-->[androidx.profileinstaller:profileinstaller:1.3.1] AndroidManifest.xml:49:13-51:29
93                <action android:name="androidx.profileinstaller.action.BENCHMARK_OPERATION" />
93-->[androidx.profileinstaller:profileinstaller:1.3.1] AndroidManifest.xml:50:17-95
93-->[androidx.profileinstaller:profileinstaller:1.3.1] AndroidManifest.xml:50:25-92
94            </intent-filter>
95        </receiver>
96    </application>
97
98</manifest>